[debug] [2021-07-26T08:19:10.187Z] ----------------------------------------------------------------------
[debug] [2021-07-26T08:19:10.191Z] Command:       C:\Program Files\nodejs\node.exe C:\Users\Aman Pant\AppData\Roaming\npm\node_modules\firebase-tools\lib\bin\firebase.js emulators:start
[debug] [2021-07-26T08:19:10.191Z] CLI Version:   9.14.0
[debug] [2021-07-26T08:19:10.191Z] Platform:      win32
[debug] [2021-07-26T08:19:10.191Z] Node Version:  v14.16.0
[debug] [2021-07-26T08:19:10.296Z] Time:          Mon Jul 26 2021 13:49:10 GMT+0530 (India Standard Time)
[debug] [2021-07-26T08:19:10.296Z] ----------------------------------------------------------------------
[debug] 
[debug] [2021-07-26T08:19:10.339Z] > command requires scopes: ["email","openid","https://www.googleapis.com/auth/cloudplatformprojects.readonly","https://www.googleapis.com/auth/firebase","https://www.googleapis.com/auth/cloud-platform"]
[debug] [2021-07-26T08:19:10.339Z] > authorizing via signed-in user (footballeramanpt65@gmail.com)
[info] i  emulators: Starting emulators: functions {"metadata":{"emulator":{"name":"hub"},"message":"Starting emulators: functions"}}
[debug] [2021-07-26T08:19:10.467Z] [hub] writing locator at C:\Users\AMANPA~1\AppData\Local\Temp\hub-clone-cc365.json
[warn] !  functions: The following emulators are not running, calls to these services from the Functions emulator will affect production: auth, firestore, database, hosting, pubsub, storage {"metadata":{"emulator":{"name":"functions"},"message":"The following emulators are not running, calls to these services from the Functions emulator will affect production: \u001b[1mauth, firestore, database, hosting, pubsub, storage\u001b[22m"}}
[info] +  functions: Using node@14 from host. {"metadata":{"emulator":{"name":"functions"},"message":"Using node@14 from host."}}
[debug] [2021-07-26T08:19:10.748Z] defaultcredentials: writing to file C:\Users\Aman Pant\AppData\Roaming\firebase\footballeramanpt65_gmail_com_application_default_credentials.json
[debug] [2021-07-26T08:19:10.776Z] Setting GAC to C:\Users\Aman Pant\AppData\Roaming\firebase\footballeramanpt65_gmail_com_application_default_credentials.json {"metadata":{"emulator":{"name":"functions"},"message":"Setting GAC to C:\\Users\\Aman Pant\\AppData\\Roaming\\firebase\\footballeramanpt65_gmail_com_application_default_credentials.json"}}
[debug] [2021-07-26T08:19:10.813Z] > refreshing access token with scopes: []
[debug] [2021-07-26T08:19:10.814Z] >>> HTTP REQUEST POST https://www.googleapis.com/oauth2/v3/token  
 <request body omitted>
[debug] [2021-07-26T08:19:11.282Z] <<< HTTP RESPONSE 200 {"pragma":"no-cache","cache-control":"no-cache, no-store, max-age=0, must-revalidate","expires":"Mon, 01 Jan 1990 00:00:00 GMT","date":"Mon, 26 Jul 2021 08:19:02 GMT","content-type":"application/json; charset=utf-8","vary":"X-Origin, Referer, Origin,Accept-Encoding","server":"scaffolding on HTTPServer2","x-xss-protection":"0","x-frame-options":"SAMEORIGIN","x-content-type-options":"nosniff","alt-svc":"h3=\":443\"; ma=2592000,h3-29=\":443\"; ma=2592000,h3-T051=\":443\"; ma=2592000,h3-Q050=\":443\"; ma=2592000,h3-Q046=\":443\"; ma=2592000,h3-Q043=\":443\"; ma=2592000,quic=\":443\"; ma=2592000; v=\"46,43\"","accept-ranges":"none","transfer-encoding":"chunked"}
[debug] [2021-07-26T08:19:11.329Z] >>> [apiv2][query] GET https://firebase.googleapis.com/v1beta1/projects/clone-cc365/adminSdkConfig [none]
[debug] [2021-07-26T08:19:12.416Z] <<< [apiv2][status] GET https://firebase.googleapis.com/v1beta1/projects/clone-cc365/adminSdkConfig 200
[debug] [2021-07-26T08:19:12.416Z] <<< [apiv2][body] GET https://firebase.googleapis.com/v1beta1/projects/clone-cc365/adminSdkConfig {"projectId":"clone-cc365","storageBucket":"clone-cc365.appspot.com"}
[info] i  ui: downloading ui-v1.5.0.zip... {"metadata":{"emulator":{"name":"ui"},"message":"downloading ui-v1.5.0.zip..."}}
[debug] [2021-07-26T08:19:12.568Z] >>> [apiv2][query] GET https://storage.googleapis.com/firebase-preview-drop/emulator/ui-v1.5.0.zip 
[debug] [2021-07-26T08:19:13.357Z] <<< [apiv2][status] GET https://storage.googleapis.com/firebase-preview-drop/emulator/ui-v1.5.0.zip 200
[debug] [2021-07-26T08:19:13.357Z] <<< [apiv2][body] GET https://storage.googleapis.com/firebase-preview-drop/emulator/ui-v1.5.0.zip [stream]
[debug] [2021-07-26T08:19:19.638Z] Ignoring unsupported arg: auto_download {"metadata":{"emulator":{"name":"ui"},"message":"Ignoring unsupported arg: auto_download"}}
[debug] [2021-07-26T08:19:19.644Z] Ignoring unsupported arg: port {"metadata":{"emulator":{"name":"ui"},"message":"Ignoring unsupported arg: port"}}
[debug] [2021-07-26T08:19:19.644Z] Starting Emulator UI with command {"binary":"node","args":["C:\\Users\\Aman Pant\\.cache\\firebase\\emulators\\ui-v1.5.0\\server.bundle.js"],"optionalArgs":[],"joinArgs":false} {"metadata":{"emulator":{"name":"ui"},"message":"Starting Emulator UI with command {\"binary\":\"node\",\"args\":[\"C:\\\\Users\\\\Aman Pant\\\\.cache\\\\firebase\\\\emulators\\\\ui-v1.5.0\\\\server.bundle.js\"],\"optionalArgs\":[],\"joinArgs\":false}"}}
[info] i  ui: Emulator UI logging to ui-debug.log {"metadata":{"emulator":{"name":"ui"},"message":"Emulator UI logging to \u001b[1mui-debug.log\u001b[22m"}}
[debug] [2021-07-26T08:19:19.981Z] Web / API server started at http://localhost:4000
 {"metadata":{"emulator":{"name":"ui"},"message":"Web / API server started at http://localhost:4000\n"}}
[info] i  functions: Watching "C:\Users\Aman Pant\Desktop\amazon-clone\functions" for Cloud Functions... {"metadata":{"emulator":{"name":"functions"},"message":"Watching \"C:\\Users\\Aman Pant\\Desktop\\amazon-clone\\functions\" for Cloud Functions..."}}
[debug] [2021-07-26T08:19:20.370Z] [worker-pool] addWorker(~diagnostic~) {"metadata":{"emulator":{"name":"functions"},"message":"[worker-pool] addWorker(~diagnostic~)"}}
[debug] [2021-07-26T08:19:20.375Z] [worker-pool] Adding worker with key ~diagnostic~, total=1 {"metadata":{"emulator":{"name":"functions"},"message":"[worker-pool] Adding worker with key ~diagnostic~, total=1"}}
[debug] [2021-07-26T08:19:20.375Z] [worker-pool] submitWork(triggerId=) {"metadata":{"emulator":{"name":"functions"},"message":"[worker-pool] submitWork(triggerId=)"}}
[debug] [2021-07-26T08:19:20.375Z] [worker-~diagnostic~-4ae4ef89-ba12-4fa4-bd60-48f59af4e819]: Assigning socketPath: \\?\pipe\C:\Users\Aman Pant\Desktop\amazon-clone\functions\5392 {"metadata":{"emulator":{"name":"functions"},"message":"[worker-~diagnostic~-4ae4ef89-ba12-4fa4-bd60-48f59af4e819]: Assigning socketPath: \\\\?\\pipe\\C:\\Users\\Aman Pant\\Desktop\\amazon-clone\\functions\\5392"}}
[debug] [2021-07-26T08:19:20.375Z] [worker-~diagnostic~-4ae4ef89-ba12-4fa4-bd60-48f59af4e819]: BUSY {"metadata":{"emulator":{"name":"functions"},"message":"[worker-~diagnostic~-4ae4ef89-ba12-4fa4-bd60-48f59af4e819]: BUSY"}}
[debug] [2021-07-26T08:19:20.947Z] [runtime-status] [5392] Functions runtime initialized. {"cwd":"C:\\Users\\Aman Pant\\Desktop\\amazon-clone\\functions","node_version":"14.16.0"} {"metadata":{"emulator":{"name":"functions"},"message":"[runtime-status] [5392] Functions runtime initialized. {\"cwd\":\"C:\\\\Users\\\\Aman Pant\\\\Desktop\\\\amazon-clone\\\\functions\",\"node_version\":\"14.16.0\"}"}}
[debug] [2021-07-26T08:19:20.947Z] [runtime-status] [5392] Disabled runtime features: undefined {"metadata":{"emulator":{"name":"functions"},"message":"[runtime-status] [5392] Disabled runtime features: undefined"}}
[debug] [2021-07-26T08:19:20.958Z] [runtime-status] [5392] Resolved module firebase-admin {"declared":true,"installed":true,"version":"9.11.0","resolution":"C:\\Users\\Aman Pant\\Desktop\\amazon-clone\\functions\\node_modules\\firebase-admin\\lib\\index.js"} {"metadata":{"emulator":{"name":"functions"},"message":"[runtime-status] [5392] Resolved module firebase-admin {\"declared\":true,\"installed\":true,\"version\":\"9.11.0\",\"resolution\":\"C:\\\\Users\\\\Aman Pant\\\\Desktop\\\\amazon-clone\\\\functions\\\\node_modules\\\\firebase-admin\\\\lib\\\\index.js\"}"}}
[debug] [2021-07-26T08:19:20.993Z] [runtime-status] [5392] Resolved module firebase-functions {"declared":true,"installed":true,"version":"3.14.1","resolution":"C:\\Users\\Aman Pant\\Desktop\\amazon-clone\\functions\\node_modules\\firebase-functions\\lib\\index.js"} {"metadata":{"emulator":{"name":"functions"},"message":"[runtime-status] [5392] Resolved module firebase-functions {\"declared\":true,\"installed\":true,\"version\":\"3.14.1\",\"resolution\":\"C:\\\\Users\\\\Aman Pant\\\\Desktop\\\\amazon-clone\\\\functions\\\\node_modules\\\\firebase-functions\\\\lib\\\\index.js\"}"}}
[debug] [2021-07-26T08:19:20.998Z] [runtime-status] [5392] Resolved module firebase-functions {"declared":true,"installed":true,"version":"3.14.1","resolution":"C:\\Users\\Aman Pant\\Desktop\\amazon-clone\\functions\\node_modules\\firebase-functions\\lib\\index.js"} {"metadata":{"emulator":{"name":"functions"},"message":"[runtime-status] [5392] Resolved module firebase-functions {\"declared\":true,\"installed\":true,\"version\":\"3.14.1\",\"resolution\":\"C:\\\\Users\\\\Aman Pant\\\\Desktop\\\\amazon-clone\\\\functions\\\\node_modules\\\\firebase-functions\\\\lib\\\\index.js\"}"}}
[debug] [2021-07-26T08:19:21.002Z] [runtime-status] [5392] Outgoing network have been stubbed. [{"name":"http","status":"mocked"},{"name":"http","status":"mocked"},{"name":"https","status":"mocked"},{"name":"https","status":"mocked"},{"name":"net","status":"mocked"}] {"metadata":{"emulator":{"name":"functions"},"message":"[runtime-status] [5392] Outgoing network have been stubbed. [{\"name\":\"http\",\"status\":\"mocked\"},{\"name\":\"http\",\"status\":\"mocked\"},{\"name\":\"https\",\"status\":\"mocked\"},{\"name\":\"https\",\"status\":\"mocked\"},{\"name\":\"net\",\"status\":\"mocked\"}]"}}
[debug] [2021-07-26T08:19:21.003Z] [runtime-status] [5392] Resolved module firebase-functions {"declared":true,"installed":true,"version":"3.14.1","resolution":"C:\\Users\\Aman Pant\\Desktop\\amazon-clone\\functions\\node_modules\\firebase-functions\\lib\\index.js"} {"metadata":{"emulator":{"name":"functions"},"message":"[runtime-status] [5392] Resolved module firebase-functions {\"declared\":true,\"installed\":true,\"version\":\"3.14.1\",\"resolution\":\"C:\\\\Users\\\\Aman Pant\\\\Desktop\\\\amazon-clone\\\\functions\\\\node_modules\\\\firebase-functions\\\\lib\\\\index.js\"}"}}
[debug] [2021-07-26T08:19:21.730Z] [runtime-status] [5392] Checked functions.config() {"config":{}} {"metadata":{"emulator":{"name":"functions"},"message":"[runtime-status] [5392] Checked functions.config() {\"config\":{}}"}}
[debug] [2021-07-26T08:19:21.730Z] [runtime-status] [5392] firebase-functions has been stubbed. {"functionsResolution":{"declared":true,"installed":true,"version":"3.14.1","resolution":"C:\\Users\\Aman Pant\\Desktop\\amazon-clone\\functions\\node_modules\\firebase-functions\\lib\\index.js"}} {"metadata":{"emulator":{"name":"functions"},"message":"[runtime-status] [5392] firebase-functions has been stubbed. {\"functionsResolution\":{\"declared\":true,\"installed\":true,\"version\":\"3.14.1\",\"resolution\":\"C:\\\\Users\\\\Aman Pant\\\\Desktop\\\\amazon-clone\\\\functions\\\\node_modules\\\\firebase-functions\\\\lib\\\\index.js\"}}"}}
[debug] [2021-07-26T08:19:21.733Z] [runtime-status] [5392] Resolved module firebase-functions {"declared":true,"installed":true,"version":"3.14.1","resolution":"C:\\Users\\Aman Pant\\Desktop\\amazon-clone\\functions\\node_modules\\firebase-functions\\lib\\index.js"} {"metadata":{"emulator":{"name":"functions"},"message":"[runtime-status] [5392] Resolved module firebase-functions {\"declared\":true,\"installed\":true,\"version\":\"3.14.1\",\"resolution\":\"C:\\\\Users\\\\Aman Pant\\\\Desktop\\\\amazon-clone\\\\functions\\\\node_modules\\\\firebase-functions\\\\lib\\\\index.js\"}"}}
[debug] [2021-07-26T08:19:21.733Z] [runtime-status] [5392] Resolved module firebase-admin {"declared":true,"installed":true,"version":"9.11.0","resolution":"C:\\Users\\Aman Pant\\Desktop\\amazon-clone\\functions\\node_modules\\firebase-admin\\lib\\index.js"} {"metadata":{"emulator":{"name":"functions"},"message":"[runtime-status] [5392] Resolved module firebase-admin {\"declared\":true,\"installed\":true,\"version\":\"9.11.0\",\"resolution\":\"C:\\\\Users\\\\Aman Pant\\\\Desktop\\\\amazon-clone\\\\functions\\\\node_modules\\\\firebase-admin\\\\lib\\\\index.js\"}"}}
[debug] [2021-07-26T08:19:21.736Z] [runtime-status] [5392] Resolved module firebase-functions {"declared":true,"installed":true,"version":"3.14.1","resolution":"C:\\Users\\Aman Pant\\Desktop\\amazon-clone\\functions\\node_modules\\firebase-functions\\lib\\index.js"} {"metadata":{"emulator":{"name":"functions"},"message":"[runtime-status] [5392] Resolved module firebase-functions {\"declared\":true,\"installed\":true,\"version\":\"3.14.1\",\"resolution\":\"C:\\\\Users\\\\Aman Pant\\\\Desktop\\\\amazon-clone\\\\functions\\\\node_modules\\\\firebase-functions\\\\lib\\\\index.js\"}"}}
[debug] [2021-07-26T08:19:21.736Z] [runtime-status] [5392] firebase-admin has been stubbed. {"adminResolution":{"declared":true,"installed":true,"version":"9.11.0","resolution":"C:\\Users\\Aman Pant\\Desktop\\amazon-clone\\functions\\node_modules\\firebase-admin\\lib\\index.js"}} {"metadata":{"emulator":{"name":"functions"},"message":"[runtime-status] [5392] firebase-admin has been stubbed. {\"adminResolution\":{\"declared\":true,\"installed\":true,\"version\":\"9.11.0\",\"resolution\":\"C:\\\\Users\\\\Aman Pant\\\\Desktop\\\\amazon-clone\\\\functions\\\\node_modules\\\\firebase-admin\\\\lib\\\\index.js\"}}"}}
[info] +  functions[us-central1-api]: http function initialized (http://localhost:5001/clone-cc365/us-central1/api). {"metadata":{"emulator":{"name":"functions"},"message":"\u001b[1mhttp\u001b[22m function initialized (http://localhost:5001/clone-cc365/us-central1/api)."}}
[info] 
┌─────────────────────────────────────────────────────────────┐
│ ✔  All emulators ready! It is now safe to connect your app. │
│ i  View Emulator UI at http://localhost:4000                │
└─────────────────────────────────────────────────────────────┘

┌───────────┬────────────────┬─────────────────────────────────┐
│ Emulator  │ Host:Port      │ View in Emulator UI             │
├───────────┼────────────────┼─────────────────────────────────┤
│ Functions │ localhost:5001 │ http://localhost:4000/functions │
└───────────┴────────────────┴─────────────────────────────────┘
  Emulator Hub running at localhost:4400
  Other reserved ports: 4500

Issues? Report them at https://github.com/firebase/firebase-tools/issues and attach the *-debug.log files.
 
[debug] [2021-07-26T08:19:25.393Z] [worker-~diagnostic~-4ae4ef89-ba12-4fa4-bd60-48f59af4e819]: IDLE {"metadata":{"emulator":{"name":"functions"},"message":"[worker-~diagnostic~-4ae4ef89-ba12-4fa4-bd60-48f59af4e819]: IDLE"}}
[debug] [2021-07-26T08:20:07.745Z] [work-queue] {"queueLength":1,"workRunningCount":0}
[debug] [2021-07-26T08:20:07.745Z] [work-queue] {"queueLength":0,"workRunningCount":1}
[debug] [2021-07-26T08:20:07.745Z] Accepted request GET /clone-cc365/us-central1/api --> us-central1-api
[debug] [2021-07-26T08:20:07.761Z] [worker-pool] addWorker(us-central1-api) {"metadata":{"emulator":{"name":"functions"},"message":"[worker-pool] addWorker(us-central1-api)"}}
[debug] [2021-07-26T08:20:07.761Z] [worker-pool] Adding worker with key us-central1-api, total=1 {"metadata":{"emulator":{"name":"functions"},"message":"[worker-pool] Adding worker with key us-central1-api, total=1"}}
[debug] [2021-07-26T08:20:07.761Z] [worker-pool] submitWork(triggerId=us-central1-api) {"metadata":{"emulator":{"name":"functions"},"message":"[worker-pool] submitWork(triggerId=us-central1-api)"}}
[debug] [2021-07-26T08:20:07.761Z] [worker-us-central1-api-3e6d96df-e1e9-41e0-9849-5e3632970ee3]: Assigning socketPath: \\?\pipe\C:\Users\Aman Pant\Desktop\amazon-clone\functions\3652 {"metadata":{"emulator":{"name":"functions"},"message":"[worker-us-central1-api-3e6d96df-e1e9-41e0-9849-5e3632970ee3]: Assigning socketPath: \\\\?\\pipe\\C:\\Users\\Aman Pant\\Desktop\\amazon-clone\\functions\\3652"}}
[debug] [2021-07-26T08:20:07.761Z] [worker-us-central1-api-3e6d96df-e1e9-41e0-9849-5e3632970ee3]: BUSY {"metadata":{"emulator":{"name":"functions"},"message":"[worker-us-central1-api-3e6d96df-e1e9-41e0-9849-5e3632970ee3]: BUSY"}}
[debug] [2021-07-26T08:20:08.934Z] [runtime-status] [3652] Functions runtime initialized. {"cwd":"C:\\Users\\Aman Pant\\Desktop\\amazon-clone\\functions","node_version":"14.16.0"} {"metadata":{"emulator":{"name":"functions"},"function":{"name":"us-central1-api"},"message":"[runtime-status] [3652] Functions runtime initialized. {\"cwd\":\"C:\\\\Users\\\\Aman Pant\\\\Desktop\\\\amazon-clone\\\\functions\",\"node_version\":\"14.16.0\"}"}}
[debug] [2021-07-26T08:20:08.944Z] [runtime-status] [3652] Disabled runtime features: undefined {"metadata":{"emulator":{"name":"functions"},"function":{"name":"us-central1-api"},"message":"[runtime-status] [3652] Disabled runtime features: undefined"}}
[debug] [2021-07-26T08:20:08.952Z] [runtime-status] [3652] Resolved module firebase-admin {"declared":true,"installed":true,"version":"9.11.0","resolution":"C:\\Users\\Aman Pant\\Desktop\\amazon-clone\\functions\\node_modules\\firebase-admin\\lib\\index.js"} {"metadata":{"emulator":{"name":"functions"},"function":{"name":"us-central1-api"},"message":"[runtime-status] [3652] Resolved module firebase-admin {\"declared\":true,\"installed\":true,\"version\":\"9.11.0\",\"resolution\":\"C:\\\\Users\\\\Aman Pant\\\\Desktop\\\\amazon-clone\\\\functions\\\\node_modules\\\\firebase-admin\\\\lib\\\\index.js\"}"}}
[debug] [2021-07-26T08:20:08.955Z] [runtime-status] [3652] Resolved module firebase-functions {"declared":true,"installed":true,"version":"3.14.1","resolution":"C:\\Users\\Aman Pant\\Desktop\\amazon-clone\\functions\\node_modules\\firebase-functions\\lib\\index.js"} {"metadata":{"emulator":{"name":"functions"},"function":{"name":"us-central1-api"},"message":"[runtime-status] [3652] Resolved module firebase-functions {\"declared\":true,\"installed\":true,\"version\":\"3.14.1\",\"resolution\":\"C:\\\\Users\\\\Aman Pant\\\\Desktop\\\\amazon-clone\\\\functions\\\\node_modules\\\\firebase-functions\\\\lib\\\\index.js\"}"}}
[debug] [2021-07-26T08:20:08.959Z] [runtime-status] [3652] Resolved module firebase-functions {"declared":true,"installed":true,"version":"3.14.1","resolution":"C:\\Users\\Aman Pant\\Desktop\\amazon-clone\\functions\\node_modules\\firebase-functions\\lib\\index.js"} {"metadata":{"emulator":{"name":"functions"},"function":{"name":"us-central1-api"},"message":"[runtime-status] [3652] Resolved module firebase-functions {\"declared\":true,\"installed\":true,\"version\":\"3.14.1\",\"resolution\":\"C:\\\\Users\\\\Aman Pant\\\\Desktop\\\\amazon-clone\\\\functions\\\\node_modules\\\\firebase-functions\\\\lib\\\\index.js\"}"}}
[debug] [2021-07-26T08:20:08.966Z] [runtime-status] [3652] Outgoing network have been stubbed. [{"name":"http","status":"mocked"},{"name":"http","status":"mocked"},{"name":"https","status":"mocked"},{"name":"https","status":"mocked"},{"name":"net","status":"mocked"}] {"metadata":{"emulator":{"name":"functions"},"function":{"name":"us-central1-api"},"message":"[runtime-status] [3652] Outgoing network have been stubbed. [{\"name\":\"http\",\"status\":\"mocked\"},{\"name\":\"http\",\"status\":\"mocked\"},{\"name\":\"https\",\"status\":\"mocked\"},{\"name\":\"https\",\"status\":\"mocked\"},{\"name\":\"net\",\"status\":\"mocked\"}]"}}
[debug] [2021-07-26T08:20:08.966Z] [runtime-status] [3652] Resolved module firebase-functions {"declared":true,"installed":true,"version":"3.14.1","resolution":"C:\\Users\\Aman Pant\\Desktop\\amazon-clone\\functions\\node_modules\\firebase-functions\\lib\\index.js"} {"metadata":{"emulator":{"name":"functions"},"function":{"name":"us-central1-api"},"message":"[runtime-status] [3652] Resolved module firebase-functions {\"declared\":true,\"installed\":true,\"version\":\"3.14.1\",\"resolution\":\"C:\\\\Users\\\\Aman Pant\\\\Desktop\\\\amazon-clone\\\\functions\\\\node_modules\\\\firebase-functions\\\\lib\\\\index.js\"}"}}
[debug] [2021-07-26T08:20:09.279Z] [runtime-status] [3652] Checked functions.config() {"config":{}} {"metadata":{"emulator":{"name":"functions"},"function":{"name":"us-central1-api"},"message":"[runtime-status] [3652] Checked functions.config() {\"config\":{}}"}}
[debug] [2021-07-26T08:20:09.281Z] [runtime-status] [3652] firebase-functions has been stubbed. {"functionsResolution":{"declared":true,"installed":true,"version":"3.14.1","resolution":"C:\\Users\\Aman Pant\\Desktop\\amazon-clone\\functions\\node_modules\\firebase-functions\\lib\\index.js"}} {"metadata":{"emulator":{"name":"functions"},"function":{"name":"us-central1-api"},"message":"[runtime-status] [3652] firebase-functions has been stubbed. {\"functionsResolution\":{\"declared\":true,\"installed\":true,\"version\":\"3.14.1\",\"resolution\":\"C:\\\\Users\\\\Aman Pant\\\\Desktop\\\\amazon-clone\\\\functions\\\\node_modules\\\\firebase-functions\\\\lib\\\\index.js\"}}"}}
[debug] [2021-07-26T08:20:09.284Z] [runtime-status] [3652] Resolved module firebase-functions {"declared":true,"installed":true,"version":"3.14.1","resolution":"C:\\Users\\Aman Pant\\Desktop\\amazon-clone\\functions\\node_modules\\firebase-functions\\lib\\index.js"} {"metadata":{"emulator":{"name":"functions"},"function":{"name":"us-central1-api"},"message":"[runtime-status] [3652] Resolved module firebase-functions {\"declared\":true,\"installed\":true,\"version\":\"3.14.1\",\"resolution\":\"C:\\\\Users\\\\Aman Pant\\\\Desktop\\\\amazon-clone\\\\functions\\\\node_modules\\\\firebase-functions\\\\lib\\\\index.js\"}"}}
[debug] [2021-07-26T08:20:09.289Z] [runtime-status] [3652] Resolved module firebase-admin {"declared":true,"installed":true,"version":"9.11.0","resolution":"C:\\Users\\Aman Pant\\Desktop\\amazon-clone\\functions\\node_modules\\firebase-admin\\lib\\index.js"} {"metadata":{"emulator":{"name":"functions"},"function":{"name":"us-central1-api"},"message":"[runtime-status] [3652] Resolved module firebase-admin {\"declared\":true,\"installed\":true,\"version\":\"9.11.0\",\"resolution\":\"C:\\\\Users\\\\Aman Pant\\\\Desktop\\\\amazon-clone\\\\functions\\\\node_modules\\\\firebase-admin\\\\lib\\\\index.js\"}"}}
[debug] [2021-07-26T08:20:09.292Z] [runtime-status] [3652] Resolved module firebase-functions {"declared":true,"installed":true,"version":"3.14.1","resolution":"C:\\Users\\Aman Pant\\Desktop\\amazon-clone\\functions\\node_modules\\firebase-functions\\lib\\index.js"} {"metadata":{"emulator":{"name":"functions"},"function":{"name":"us-central1-api"},"message":"[runtime-status] [3652] Resolved module firebase-functions {\"declared\":true,\"installed\":true,\"version\":\"3.14.1\",\"resolution\":\"C:\\\\Users\\\\Aman Pant\\\\Desktop\\\\amazon-clone\\\\functions\\\\node_modules\\\\firebase-functions\\\\lib\\\\index.js\"}"}}
[debug] [2021-07-26T08:20:09.294Z] [runtime-status] [3652] firebase-admin has been stubbed. {"adminResolution":{"declared":true,"installed":true,"version":"9.11.0","resolution":"C:\\Users\\Aman Pant\\Desktop\\amazon-clone\\functions\\node_modules\\firebase-admin\\lib\\index.js"}} {"metadata":{"emulator":{"name":"functions"},"function":{"name":"us-central1-api"},"message":"[runtime-status] [3652] firebase-admin has been stubbed. {\"adminResolution\":{\"declared\":true,\"installed\":true,\"version\":\"9.11.0\",\"resolution\":\"C:\\\\Users\\\\Aman Pant\\\\Desktop\\\\amazon-clone\\\\functions\\\\node_modules\\\\firebase-admin\\\\lib\\\\index.js\"}}"}}
[debug] [2021-07-26T08:20:10.224Z] [runtime-status] [3652] Trigger "us-central1-api" has been found, beginning invocation! {"metadata":{"emulator":{"name":"functions"},"function":{"name":"us-central1-api"},"message":"[runtime-status] [3652] Trigger \"us-central1-api\" has been found, beginning invocation!"}}
[info] i  functions: Beginning execution of "us-central1-api" {"metadata":{"emulator":{"name":"functions"},"function":{"name":"us-central1-api"},"message":"Beginning execution of \"us-central1-api\""}}
[debug] [2021-07-26T08:20:10.242Z] [runtime-status] [3652] triggerDefinition {"httpsTrigger":{},"name":"api","entryPoint":"api","regions":["us-central1"],"region":"us-central1","id":"us-central1-api"} {"metadata":{"emulator":{"name":"functions"},"function":{"name":"us-central1-api"},"message":"[runtime-status] [3652] triggerDefinition {\"httpsTrigger\":{},\"name\":\"api\",\"entryPoint\":\"api\",\"regions\":[\"us-central1\"],\"region\":\"us-central1\",\"id\":\"us-central1-api\"}"}}
[debug] [2021-07-26T08:20:10.243Z] [runtime-status] [3652] Running us-central1-api in mode HTTPS {"metadata":{"emulator":{"name":"functions"},"function":{"name":"us-central1-api"},"message":"[runtime-status] [3652] Running us-central1-api in mode HTTPS"}}
[debug] [2021-07-26T08:20:10.246Z] [runtime-status] [3652] Attempting to listen to socketPath: \\?\pipe\C:\Users\Aman Pant\Desktop\amazon-clone\functions\3652 {"metadata":{"emulator":{"name":"functions"},"function":{"name":"us-central1-api"},"message":"[runtime-status] [3652] Attempting to listen to socketPath: \\\\?\\pipe\\C:\\Users\\Aman Pant\\Desktop\\amazon-clone\\functions\\3652"}}
[debug] [2021-07-26T08:20:10.275Z] [functions] Runtime ready! Sending request! {"metadata":{"emulator":{"name":"functions"},"message":"[functions] Runtime ready! Sending request!"}}
[debug] [2021-07-26T08:20:10.277Z] [functions] Got req.url=/clone-cc365/us-central1/api, mapping to path=/ {"metadata":{"emulator":{"name":"functions"},"message":"[functions] Got req.url=/clone-cc365/us-central1/api, mapping to path=/"}}
[debug] [2021-07-26T08:20:10.374Z] [runtime-status] [3652] Ephemeral server handling GET request {"metadata":{"emulator":{"name":"functions"},"function":{"name":"us-central1-api"},"message":"[runtime-status] [3652] Ephemeral server handling GET request"}}
[debug] [2021-07-26T08:20:10.407Z] [runtime-status] [3652] Ephemeral server survived. {"metadata":{"emulator":{"name":"functions"},"function":{"name":"us-central1-api"},"message":"[runtime-status] [3652] Ephemeral server survived."}}
[info] i  functions: Finished "us-central1-api" in ~1s {"metadata":{"emulator":{"name":"functions"},"function":{"name":"us-central1-api"},"message":"Finished \"us-central1-api\" in ~1s"}}
[debug] [2021-07-26T08:20:10.458Z] [worker-us-central1-api-3e6d96df-e1e9-41e0-9849-5e3632970ee3]: IDLE {"metadata":{"emulator":{"name":"functions"},"message":"[worker-us-central1-api-3e6d96df-e1e9-41e0-9849-5e3632970ee3]: IDLE"}}
[debug] [2021-07-26T08:20:10.458Z] [work-queue] {"queueLength":0,"workRunningCount":0}
[debug] [2021-07-26T08:20:12.063Z] Functions emulator received unknown request at path /favicon.ico
[debug] [2021-07-26T08:29:22.741Z] File C:\Users\Aman Pant\Desktop\amazon-clone\functions\index.js changed, reloading triggers {"metadata":{"emulator":{"name":"functions"},"message":"File C:\\Users\\Aman Pant\\Desktop\\amazon-clone\\functions\\index.js changed, reloading triggers"}}
[debug] [2021-07-26T08:29:23.768Z] [worker-pool] Shutting down IDLE worker (~diagnostic~) {"metadata":{"emulator":{"name":"functions"},"message":"[worker-pool] Shutting down IDLE worker (~diagnostic~)"}}
[debug] [2021-07-26T08:29:23.768Z] [worker-~diagnostic~-4ae4ef89-ba12-4fa4-bd60-48f59af4e819]: FINISHING {"metadata":{"emulator":{"name":"functions"},"message":"[worker-~diagnostic~-4ae4ef89-ba12-4fa4-bd60-48f59af4e819]: FINISHING"}}
[debug] [2021-07-26T08:29:23.768Z] [worker-pool] Shutting down IDLE worker (us-central1-api) {"metadata":{"emulator":{"name":"functions"},"message":"[worker-pool] Shutting down IDLE worker (us-central1-api)"}}
[debug] [2021-07-26T08:29:23.768Z] [worker-us-central1-api-3e6d96df-e1e9-41e0-9849-5e3632970ee3]: FINISHING {"metadata":{"emulator":{"name":"functions"},"message":"[worker-us-central1-api-3e6d96df-e1e9-41e0-9849-5e3632970ee3]: FINISHING"}}
[debug] [2021-07-26T08:29:23.847Z] [worker-pool] addWorker(~diagnostic~) {"metadata":{"emulator":{"name":"functions"},"message":"[worker-pool] addWorker(~diagnostic~)"}}
[debug] [2021-07-26T08:29:23.847Z] [worker-pool] Adding worker with key ~diagnostic~, total=2 {"metadata":{"emulator":{"name":"functions"},"message":"[worker-pool] Adding worker with key ~diagnostic~, total=2"}}
[debug] [2021-07-26T08:29:23.848Z] [worker-pool] submitWork(triggerId=) {"metadata":{"emulator":{"name":"functions"},"message":"[worker-pool] submitWork(triggerId=)"}}
[debug] [2021-07-26T08:29:23.849Z] [worker-~diagnostic~-fda36fc3-5e9a-444b-81d5-45fa7e5948db]: Assigning socketPath: \\?\pipe\C:\Users\Aman Pant\Desktop\amazon-clone\functions\1224 {"metadata":{"emulator":{"name":"functions"},"message":"[worker-~diagnostic~-fda36fc3-5e9a-444b-81d5-45fa7e5948db]: Assigning socketPath: \\\\?\\pipe\\C:\\Users\\Aman Pant\\Desktop\\amazon-clone\\functions\\1224"}}
[debug] [2021-07-26T08:29:23.850Z] [worker-~diagnostic~-fda36fc3-5e9a-444b-81d5-45fa7e5948db]: BUSY {"metadata":{"emulator":{"name":"functions"},"message":"[worker-~diagnostic~-fda36fc3-5e9a-444b-81d5-45fa7e5948db]: BUSY"}}
[debug] [2021-07-26T08:29:23.876Z] [worker-~diagnostic~-4ae4ef89-ba12-4fa4-bd60-48f59af4e819]: exited {"metadata":{"emulator":{"name":"functions"},"message":"[worker-~diagnostic~-4ae4ef89-ba12-4fa4-bd60-48f59af4e819]: exited"}}
[debug] [2021-07-26T08:29:23.877Z] [worker-~diagnostic~-4ae4ef89-ba12-4fa4-bd60-48f59af4e819]: FINISHED {"metadata":{"emulator":{"name":"functions"},"message":"[worker-~diagnostic~-4ae4ef89-ba12-4fa4-bd60-48f59af4e819]: FINISHED"}}
[debug] [2021-07-26T08:29:23.908Z] [worker-us-central1-api-3e6d96df-e1e9-41e0-9849-5e3632970ee3]: exited {"metadata":{"emulator":{"name":"functions"},"message":"[worker-us-central1-api-3e6d96df-e1e9-41e0-9849-5e3632970ee3]: exited"}}
[debug] [2021-07-26T08:29:23.908Z] [worker-us-central1-api-3e6d96df-e1e9-41e0-9849-5e3632970ee3]: FINISHED {"metadata":{"emulator":{"name":"functions"},"message":"[worker-us-central1-api-3e6d96df-e1e9-41e0-9849-5e3632970ee3]: FINISHED"}}
[debug] [2021-07-26T08:29:24.848Z] [runtime-status] [1224] Functions runtime initialized. {"cwd":"C:\\Users\\Aman Pant\\Desktop\\amazon-clone\\functions","node_version":"14.16.0"} {"metadata":{"emulator":{"name":"functions"},"message":"[runtime-status] [1224] Functions runtime initialized. {\"cwd\":\"C:\\\\Users\\\\Aman Pant\\\\Desktop\\\\amazon-clone\\\\functions\",\"node_version\":\"14.16.0\"}"}}
[debug] [2021-07-26T08:29:24.879Z] [runtime-status] [1224] Disabled runtime features: undefined {"metadata":{"emulator":{"name":"functions"},"message":"[runtime-status] [1224] Disabled runtime features: undefined"}}
[debug] [2021-07-26T08:29:24.894Z] [runtime-status] [1224] Resolved module firebase-admin {"declared":true,"installed":true,"version":"9.11.0","resolution":"C:\\Users\\Aman Pant\\Desktop\\amazon-clone\\functions\\node_modules\\firebase-admin\\lib\\index.js"} {"metadata":{"emulator":{"name":"functions"},"message":"[runtime-status] [1224] Resolved module firebase-admin {\"declared\":true,\"installed\":true,\"version\":\"9.11.0\",\"resolution\":\"C:\\\\Users\\\\Aman Pant\\\\Desktop\\\\amazon-clone\\\\functions\\\\node_modules\\\\firebase-admin\\\\lib\\\\index.js\"}"}}
[debug] [2021-07-26T08:29:24.908Z] [runtime-status] [1224] Resolved module firebase-functions {"declared":true,"installed":true,"version":"3.14.1","resolution":"C:\\Users\\Aman Pant\\Desktop\\amazon-clone\\functions\\node_modules\\firebase-functions\\lib\\index.js"} {"metadata":{"emulator":{"name":"functions"},"message":"[runtime-status] [1224] Resolved module firebase-functions {\"declared\":true,\"installed\":true,\"version\":\"3.14.1\",\"resolution\":\"C:\\\\Users\\\\Aman Pant\\\\Desktop\\\\amazon-clone\\\\functions\\\\node_modules\\\\firebase-functions\\\\lib\\\\index.js\"}"}}
[debug] [2021-07-26T08:29:24.932Z] [runtime-status] [1224] Resolved module firebase-functions {"declared":true,"installed":true,"version":"3.14.1","resolution":"C:\\Users\\Aman Pant\\Desktop\\amazon-clone\\functions\\node_modules\\firebase-functions\\lib\\index.js"} {"metadata":{"emulator":{"name":"functions"},"message":"[runtime-status] [1224] Resolved module firebase-functions {\"declared\":true,\"installed\":true,\"version\":\"3.14.1\",\"resolution\":\"C:\\\\Users\\\\Aman Pant\\\\Desktop\\\\amazon-clone\\\\functions\\\\node_modules\\\\firebase-functions\\\\lib\\\\index.js\"}"}}
[debug] [2021-07-26T08:29:24.937Z] [runtime-status] [1224] Outgoing network have been stubbed. [{"name":"http","status":"mocked"},{"name":"http","status":"mocked"},{"name":"https","status":"mocked"},{"name":"https","status":"mocked"},{"name":"net","status":"mocked"}] {"metadata":{"emulator":{"name":"functions"},"message":"[runtime-status] [1224] Outgoing network have been stubbed. [{\"name\":\"http\",\"status\":\"mocked\"},{\"name\":\"http\",\"status\":\"mocked\"},{\"name\":\"https\",\"status\":\"mocked\"},{\"name\":\"https\",\"status\":\"mocked\"},{\"name\":\"net\",\"status\":\"mocked\"}]"}}
[debug] [2021-07-26T08:29:24.939Z] [runtime-status] [1224] Resolved module firebase-functions {"declared":true,"installed":true,"version":"3.14.1","resolution":"C:\\Users\\Aman Pant\\Desktop\\amazon-clone\\functions\\node_modules\\firebase-functions\\lib\\index.js"} {"metadata":{"emulator":{"name":"functions"},"message":"[runtime-status] [1224] Resolved module firebase-functions {\"declared\":true,\"installed\":true,\"version\":\"3.14.1\",\"resolution\":\"C:\\\\Users\\\\Aman Pant\\\\Desktop\\\\amazon-clone\\\\functions\\\\node_modules\\\\firebase-functions\\\\lib\\\\index.js\"}"}}
[debug] [2021-07-26T08:29:25.435Z] [runtime-status] [1224] Checked functions.config() {"config":{}} {"metadata":{"emulator":{"name":"functions"},"message":"[runtime-status] [1224] Checked functions.config() {\"config\":{}}"}}
[debug] [2021-07-26T08:29:25.437Z] [runtime-status] [1224] firebase-functions has been stubbed. {"functionsResolution":{"declared":true,"installed":true,"version":"3.14.1","resolution":"C:\\Users\\Aman Pant\\Desktop\\amazon-clone\\functions\\node_modules\\firebase-functions\\lib\\index.js"}} {"metadata":{"emulator":{"name":"functions"},"message":"[runtime-status] [1224] firebase-functions has been stubbed. {\"functionsResolution\":{\"declared\":true,\"installed\":true,\"version\":\"3.14.1\",\"resolution\":\"C:\\\\Users\\\\Aman Pant\\\\Desktop\\\\amazon-clone\\\\functions\\\\node_modules\\\\firebase-functions\\\\lib\\\\index.js\"}}"}}
[debug] [2021-07-26T08:29:25.440Z] [runtime-status] [1224] Resolved module firebase-functions {"declared":true,"installed":true,"version":"3.14.1","resolution":"C:\\Users\\Aman Pant\\Desktop\\amazon-clone\\functions\\node_modules\\firebase-functions\\lib\\index.js"} {"metadata":{"emulator":{"name":"functions"},"message":"[runtime-status] [1224] Resolved module firebase-functions {\"declared\":true,\"installed\":true,\"version\":\"3.14.1\",\"resolution\":\"C:\\\\Users\\\\Aman Pant\\\\Desktop\\\\amazon-clone\\\\functions\\\\node_modules\\\\firebase-functions\\\\lib\\\\index.js\"}"}}
[debug] [2021-07-26T08:29:25.444Z] [runtime-status] [1224] Resolved module firebase-admin {"declared":true,"installed":true,"version":"9.11.0","resolution":"C:\\Users\\Aman Pant\\Desktop\\amazon-clone\\functions\\node_modules\\firebase-admin\\lib\\index.js"} {"metadata":{"emulator":{"name":"functions"},"message":"[runtime-status] [1224] Resolved module firebase-admin {\"declared\":true,\"installed\":true,\"version\":\"9.11.0\",\"resolution\":\"C:\\\\Users\\\\Aman Pant\\\\Desktop\\\\amazon-clone\\\\functions\\\\node_modules\\\\firebase-admin\\\\lib\\\\index.js\"}"}}
[debug] [2021-07-26T08:29:25.445Z] [runtime-status] [1224] Resolved module firebase-functions {"declared":true,"installed":true,"version":"3.14.1","resolution":"C:\\Users\\Aman Pant\\Desktop\\amazon-clone\\functions\\node_modules\\firebase-functions\\lib\\index.js"} {"metadata":{"emulator":{"name":"functions"},"message":"[runtime-status] [1224] Resolved module firebase-functions {\"declared\":true,\"installed\":true,\"version\":\"3.14.1\",\"resolution\":\"C:\\\\Users\\\\Aman Pant\\\\Desktop\\\\amazon-clone\\\\functions\\\\node_modules\\\\firebase-functions\\\\lib\\\\index.js\"}"}}
[debug] [2021-07-26T08:29:25.446Z] [runtime-status] [1224] firebase-admin has been stubbed. {"adminResolution":{"declared":true,"installed":true,"version":"9.11.0","resolution":"C:\\Users\\Aman Pant\\Desktop\\amazon-clone\\functions\\node_modules\\firebase-admin\\lib\\index.js"}} {"metadata":{"emulator":{"name":"functions"},"message":"[runtime-status] [1224] firebase-admin has been stubbed. {\"adminResolution\":{\"declared\":true,\"installed\":true,\"version\":\"9.11.0\",\"resolution\":\"C:\\\\Users\\\\Aman Pant\\\\Desktop\\\\amazon-clone\\\\functions\\\\node_modules\\\\firebase-admin\\\\lib\\\\index.js\"}}"}}
[warn] !  C:\Users\Aman Pant\Desktop\amazon-clone\functions\index.js:26
exports.api=functions.https.onRequest(app)j
                                          ^

SyntaxError: Unexpected identifier
    at wrapSafe (internal/modules/cjs/loader.js:979:16)
    at Module._compile (internal/modules/cjs/loader.js:1027:27)
    at Object.Module._extensions..js (internal/modules/cjs/loader.js:1092:10)
    at Module.load (internal/modules/cjs/loader.js:928:32)
    at Function.Module._load (internal/modules/cjs/loader.js:769:14)
    at Module.require (internal/modules/cjs/loader.js:952:19)
    at require (internal/modules/cjs/helpers.js:88:18)
    at initializeRuntime (C:\Users\Aman Pant\AppData\Roaming\npm\node_modules\firebase-tools\lib\emulator\functionsEmulatorRuntime.js:684:29)
    at processTicksAndRejections (internal/process/task_queues.js:93:5)
    at async handleMessage (C:\Users\Aman Pant\AppData\Roaming\npm\node_modules\firebase-tools\lib\emulator\functionsEmulatorRuntime.js:723:20) {"metadata":{"emulator":{"name":"functions"},"message":"C:\\Users\\Aman Pant\\Desktop\\amazon-clone\\functions\\index.js:26\nexports.api=functions.https.onRequest(app)j\n                                          ^\n\nSyntaxError: Unexpected identifier\n    at wrapSafe (internal/modules/cjs/loader.js:979:16)\n    at Module._compile (internal/modules/cjs/loader.js:1027:27)\n    at Object.Module._extensions..js (internal/modules/cjs/loader.js:1092:10)\n    at Module.load (internal/modules/cjs/loader.js:928:32)\n    at Function.Module._load (internal/modules/cjs/loader.js:769:14)\n    at Module.require (internal/modules/cjs/loader.js:952:19)\n    at require (internal/modules/cjs/helpers.js:88:18)\n    at initializeRuntime (C:\\Users\\Aman Pant\\AppData\\Roaming\\npm\\node_modules\\firebase-tools\\lib\\emulator\\functionsEmulatorRuntime.js:684:29)\n    at processTicksAndRejections (internal/process/task_queues.js:93:5)\n    at async handleMessage (C:\\Users\\Aman Pant\\AppData\\Roaming\\npm\\node_modules\\firebase-tools\\lib\\emulator\\functionsEmulatorRuntime.js:723:20)"}}
[warn] !  We were unable to load your functions code. (see above) {"metadata":{"emulator":{"name":"functions"}}}
[debug] [2021-07-26T08:29:25.584Z] [worker-~diagnostic~-fda36fc3-5e9a-444b-81d5-45fa7e5948db]: exited {"metadata":{"emulator":{"name":"functions"},"message":"[worker-~diagnostic~-fda36fc3-5e9a-444b-81d5-45fa7e5948db]: exited"}}
[debug] [2021-07-26T08:29:25.585Z] [worker-~diagnostic~-fda36fc3-5e9a-444b-81d5-45fa7e5948db]: FINISHED {"metadata":{"emulator":{"name":"functions"},"message":"[worker-~diagnostic~-fda36fc3-5e9a-444b-81d5-45fa7e5948db]: FINISHED"}}
[debug] [2021-07-26T08:29:49.321Z] [work-queue] {"queueLength":1,"workRunningCount":0}
[debug] [2021-07-26T08:29:49.322Z] [work-queue] {"queueLength":0,"workRunningCount":1}
[debug] [2021-07-26T08:29:49.322Z] Accepted request POST /clone-cc365/us-central1/api/payments/create?total=0 --> us-central1-api
[debug] [2021-07-26T08:29:49.322Z] [worker-pool] Cleaned up workers for ~diagnostic~: 2 --> 0 {"metadata":{"emulator":{"name":"functions"},"message":"[worker-pool] Cleaned up workers for ~diagnostic~: 2 --> 0"}}
[debug] [2021-07-26T08:29:49.324Z] [worker-pool] Cleaned up workers for us-central1-api: 1 --> 0 {"metadata":{"emulator":{"name":"functions"},"message":"[worker-pool] Cleaned up workers for us-central1-api: 1 --> 0"}}
[debug] [2021-07-26T08:29:49.333Z] [worker-pool] addWorker(us-central1-api) {"metadata":{"emulator":{"name":"functions"},"message":"[worker-pool] addWorker(us-central1-api)"}}
[debug] [2021-07-26T08:29:49.333Z] [worker-pool] Adding worker with key us-central1-api, total=1 {"metadata":{"emulator":{"name":"functions"},"message":"[worker-pool] Adding worker with key us-central1-api, total=1"}}
[debug] [2021-07-26T08:29:49.334Z] [worker-pool] submitWork(triggerId=us-central1-api) {"metadata":{"emulator":{"name":"functions"},"message":"[worker-pool] submitWork(triggerId=us-central1-api)"}}
[debug] [2021-07-26T08:29:49.334Z] [worker-us-central1-api-70968274-3503-40d9-9d6b-53a551d7fc75]: Assigning socketPath: \\?\pipe\C:\Users\Aman Pant\Desktop\amazon-clone\functions\7540 {"metadata":{"emulator":{"name":"functions"},"message":"[worker-us-central1-api-70968274-3503-40d9-9d6b-53a551d7fc75]: Assigning socketPath: \\\\?\\pipe\\C:\\Users\\Aman Pant\\Desktop\\amazon-clone\\functions\\7540"}}
[debug] [2021-07-26T08:29:49.334Z] [worker-us-central1-api-70968274-3503-40d9-9d6b-53a551d7fc75]: BUSY {"metadata":{"emulator":{"name":"functions"},"message":"[worker-us-central1-api-70968274-3503-40d9-9d6b-53a551d7fc75]: BUSY"}}
[debug] [2021-07-26T08:29:50.223Z] File C:\Users\Aman Pant\Desktop\amazon-clone\functions\index.js changed, reloading triggers {"metadata":{"emulator":{"name":"functions"},"message":"File C:\\Users\\Aman Pant\\Desktop\\amazon-clone\\functions\\index.js changed, reloading triggers"}}
[debug] [2021-07-26T08:29:51.351Z] [worker-pool] Marking BUSY worker to finish (us-central1-api) {"metadata":{"emulator":{"name":"functions"},"message":"[worker-pool] Marking BUSY worker to finish (us-central1-api)"}}
[debug] [2021-07-26T08:29:51.351Z] [worker-us-central1-api-70968274-3503-40d9-9d6b-53a551d7fc75]: FINISHING {"metadata":{"emulator":{"name":"functions"},"message":"[worker-us-central1-api-70968274-3503-40d9-9d6b-53a551d7fc75]: FINISHING"}}
[debug] [2021-07-26T08:29:51.361Z] [worker-pool] addWorker(~diagnostic~) {"metadata":{"emulator":{"name":"functions"},"message":"[worker-pool] addWorker(~diagnostic~)"}}
[debug] [2021-07-26T08:29:51.361Z] [worker-pool] Adding worker with key ~diagnostic~, total=1 {"metadata":{"emulator":{"name":"functions"},"message":"[worker-pool] Adding worker with key ~diagnostic~, total=1"}}
[debug] [2021-07-26T08:29:51.361Z] [worker-pool] submitWork(triggerId=) {"metadata":{"emulator":{"name":"functions"},"message":"[worker-pool] submitWork(triggerId=)"}}
[debug] [2021-07-26T08:29:51.362Z] [worker-~diagnostic~-71f00ac2-cab0-4928-a81e-caf6965fa78e]: Assigning socketPath: \\?\pipe\C:\Users\Aman Pant\Desktop\amazon-clone\functions\5852 {"metadata":{"emulator":{"name":"functions"},"message":"[worker-~diagnostic~-71f00ac2-cab0-4928-a81e-caf6965fa78e]: Assigning socketPath: \\\\?\\pipe\\C:\\Users\\Aman Pant\\Desktop\\amazon-clone\\functions\\5852"}}
[debug] [2021-07-26T08:29:51.362Z] [worker-~diagnostic~-71f00ac2-cab0-4928-a81e-caf6965fa78e]: BUSY {"metadata":{"emulator":{"name":"functions"},"message":"[worker-~diagnostic~-71f00ac2-cab0-4928-a81e-caf6965fa78e]: BUSY"}}
[debug] [2021-07-26T08:29:52.523Z] [runtime-status] [7540] Functions runtime initialized. {"cwd":"C:\\Users\\Aman Pant\\Desktop\\amazon-clone\\functions","node_version":"14.16.0"} {"metadata":{"emulator":{"name":"functions"},"function":{"name":"us-central1-api"},"message":"[runtime-status] [7540] Functions runtime initialized. {\"cwd\":\"C:\\\\Users\\\\Aman Pant\\\\Desktop\\\\amazon-clone\\\\functions\",\"node_version\":\"14.16.0\"}"}}
[debug] [2021-07-26T08:29:52.532Z] [runtime-status] [7540] Disabled runtime features: undefined {"metadata":{"emulator":{"name":"functions"},"function":{"name":"us-central1-api"},"message":"[runtime-status] [7540] Disabled runtime features: undefined"}}
[debug] [2021-07-26T08:29:52.546Z] [runtime-status] [7540] Resolved module firebase-admin {"declared":true,"installed":true,"version":"9.11.0","resolution":"C:\\Users\\Aman Pant\\Desktop\\amazon-clone\\functions\\node_modules\\firebase-admin\\lib\\index.js"} {"metadata":{"emulator":{"name":"functions"},"function":{"name":"us-central1-api"},"message":"[runtime-status] [7540] Resolved module firebase-admin {\"declared\":true,\"installed\":true,\"version\":\"9.11.0\",\"resolution\":\"C:\\\\Users\\\\Aman Pant\\\\Desktop\\\\amazon-clone\\\\functions\\\\node_modules\\\\firebase-admin\\\\lib\\\\index.js\"}"}}
[debug] [2021-07-26T08:29:52.554Z] [runtime-status] [7540] Resolved module firebase-functions {"declared":true,"installed":true,"version":"3.14.1","resolution":"C:\\Users\\Aman Pant\\Desktop\\amazon-clone\\functions\\node_modules\\firebase-functions\\lib\\index.js"} {"metadata":{"emulator":{"name":"functions"},"function":{"name":"us-central1-api"},"message":"[runtime-status] [7540] Resolved module firebase-functions {\"declared\":true,\"installed\":true,\"version\":\"3.14.1\",\"resolution\":\"C:\\\\Users\\\\Aman Pant\\\\Desktop\\\\amazon-clone\\\\functions\\\\node_modules\\\\firebase-functions\\\\lib\\\\index.js\"}"}}
[debug] [2021-07-26T08:29:52.559Z] [runtime-status] [7540] Resolved module firebase-functions {"declared":true,"installed":true,"version":"3.14.1","resolution":"C:\\Users\\Aman Pant\\Desktop\\amazon-clone\\functions\\node_modules\\firebase-functions\\lib\\index.js"} {"metadata":{"emulator":{"name":"functions"},"function":{"name":"us-central1-api"},"message":"[runtime-status] [7540] Resolved module firebase-functions {\"declared\":true,\"installed\":true,\"version\":\"3.14.1\",\"resolution\":\"C:\\\\Users\\\\Aman Pant\\\\Desktop\\\\amazon-clone\\\\functions\\\\node_modules\\\\firebase-functions\\\\lib\\\\index.js\"}"}}
[debug] [2021-07-26T08:29:52.573Z] [runtime-status] [7540] Outgoing network have been stubbed. [{"name":"http","status":"mocked"},{"name":"http","status":"mocked"},{"name":"https","status":"mocked"},{"name":"https","status":"mocked"},{"name":"net","status":"mocked"}] {"metadata":{"emulator":{"name":"functions"},"function":{"name":"us-central1-api"},"message":"[runtime-status] [7540] Outgoing network have been stubbed. [{\"name\":\"http\",\"status\":\"mocked\"},{\"name\":\"http\",\"status\":\"mocked\"},{\"name\":\"https\",\"status\":\"mocked\"},{\"name\":\"https\",\"status\":\"mocked\"},{\"name\":\"net\",\"status\":\"mocked\"}]"}}
[debug] [2021-07-26T08:29:52.575Z] [runtime-status] [7540] Resolved module firebase-functions {"declared":true,"installed":true,"version":"3.14.1","resolution":"C:\\Users\\Aman Pant\\Desktop\\amazon-clone\\functions\\node_modules\\firebase-functions\\lib\\index.js"} {"metadata":{"emulator":{"name":"functions"},"function":{"name":"us-central1-api"},"message":"[runtime-status] [7540] Resolved module firebase-functions {\"declared\":true,\"installed\":true,\"version\":\"3.14.1\",\"resolution\":\"C:\\\\Users\\\\Aman Pant\\\\Desktop\\\\amazon-clone\\\\functions\\\\node_modules\\\\firebase-functions\\\\lib\\\\index.js\"}"}}
[debug] [2021-07-26T08:29:52.977Z] [runtime-status] [7540] Checked functions.config() {"config":{}} {"metadata":{"emulator":{"name":"functions"},"function":{"name":"us-central1-api"},"message":"[runtime-status] [7540] Checked functions.config() {\"config\":{}}"}}
[debug] [2021-07-26T08:29:52.978Z] [runtime-status] [7540] firebase-functions has been stubbed. {"functionsResolution":{"declared":true,"installed":true,"version":"3.14.1","resolution":"C:\\Users\\Aman Pant\\Desktop\\amazon-clone\\functions\\node_modules\\firebase-functions\\lib\\index.js"}} {"metadata":{"emulator":{"name":"functions"},"function":{"name":"us-central1-api"},"message":"[runtime-status] [7540] firebase-functions has been stubbed. {\"functionsResolution\":{\"declared\":true,\"installed\":true,\"version\":\"3.14.1\",\"resolution\":\"C:\\\\Users\\\\Aman Pant\\\\Desktop\\\\amazon-clone\\\\functions\\\\node_modules\\\\firebase-functions\\\\lib\\\\index.js\"}}"}}
[debug] [2021-07-26T08:29:52.984Z] [runtime-status] [7540] Resolved module firebase-functions {"declared":true,"installed":true,"version":"3.14.1","resolution":"C:\\Users\\Aman Pant\\Desktop\\amazon-clone\\functions\\node_modules\\firebase-functions\\lib\\index.js"} {"metadata":{"emulator":{"name":"functions"},"function":{"name":"us-central1-api"},"message":"[runtime-status] [7540] Resolved module firebase-functions {\"declared\":true,\"installed\":true,\"version\":\"3.14.1\",\"resolution\":\"C:\\\\Users\\\\Aman Pant\\\\Desktop\\\\amazon-clone\\\\functions\\\\node_modules\\\\firebase-functions\\\\lib\\\\index.js\"}"}}
[debug] [2021-07-26T08:29:53.009Z] [runtime-status] [7540] Resolved module firebase-admin {"declared":true,"installed":true,"version":"9.11.0","resolution":"C:\\Users\\Aman Pant\\Desktop\\amazon-clone\\functions\\node_modules\\firebase-admin\\lib\\index.js"} {"metadata":{"emulator":{"name":"functions"},"function":{"name":"us-central1-api"},"message":"[runtime-status] [7540] Resolved module firebase-admin {\"declared\":true,\"installed\":true,\"version\":\"9.11.0\",\"resolution\":\"C:\\\\Users\\\\Aman Pant\\\\Desktop\\\\amazon-clone\\\\functions\\\\node_modules\\\\firebase-admin\\\\lib\\\\index.js\"}"}}
[debug] [2021-07-26T08:29:53.016Z] [runtime-status] [7540] Resolved module firebase-functions {"declared":true,"installed":true,"version":"3.14.1","resolution":"C:\\Users\\Aman Pant\\Desktop\\amazon-clone\\functions\\node_modules\\firebase-functions\\lib\\index.js"} {"metadata":{"emulator":{"name":"functions"},"function":{"name":"us-central1-api"},"message":"[runtime-status] [7540] Resolved module firebase-functions {\"declared\":true,\"installed\":true,\"version\":\"3.14.1\",\"resolution\":\"C:\\\\Users\\\\Aman Pant\\\\Desktop\\\\amazon-clone\\\\functions\\\\node_modules\\\\firebase-functions\\\\lib\\\\index.js\"}"}}
[debug] [2021-07-26T08:29:53.017Z] [runtime-status] [7540] firebase-admin has been stubbed. {"adminResolution":{"declared":true,"installed":true,"version":"9.11.0","resolution":"C:\\Users\\Aman Pant\\Desktop\\amazon-clone\\functions\\node_modules\\firebase-admin\\lib\\index.js"}} {"metadata":{"emulator":{"name":"functions"},"function":{"name":"us-central1-api"},"message":"[runtime-status] [7540] firebase-admin has been stubbed. {\"adminResolution\":{\"declared\":true,\"installed\":true,\"version\":\"9.11.0\",\"resolution\":\"C:\\\\Users\\\\Aman Pant\\\\Desktop\\\\amazon-clone\\\\functions\\\\node_modules\\\\firebase-admin\\\\lib\\\\index.js\"}}"}}
[warn] !  C:\Users\Aman Pant\Desktop\amazon-clone\functions\index.js:26
exports.api=functions.https.onRequest(app)j
                                          ^

SyntaxError: Unexpected identifier
    at wrapSafe (internal/modules/cjs/loader.js:979:16)
    at Module._compile (internal/modules/cjs/loader.js:1027:27)
    at Object.Module._extensions..js (internal/modules/cjs/loader.js:1092:10)
    at Module.load (internal/modules/cjs/loader.js:928:32)
    at Function.Module._load (internal/modules/cjs/loader.js:769:14)
    at Module.require (internal/modules/cjs/loader.js:952:19)
    at require (internal/modules/cjs/helpers.js:88:18)
    at initializeRuntime (C:\Users\Aman Pant\AppData\Roaming\npm\node_modules\firebase-tools\lib\emulator\functionsEmulatorRuntime.js:684:29)
    at processTicksAndRejections (internal/process/task_queues.js:93:5)
    at async handleMessage (C:\Users\Aman Pant\AppData\Roaming\npm\node_modules\firebase-tools\lib\emulator\functionsEmulatorRuntime.js:723:20) {"metadata":{"emulator":{"name":"functions"},"function":{"name":"us-central1-api"},"message":"C:\\Users\\Aman Pant\\Desktop\\amazon-clone\\functions\\index.js:26\nexports.api=functions.https.onRequest(app)j\n                                          ^\n\nSyntaxError: Unexpected identifier\n    at wrapSafe (internal/modules/cjs/loader.js:979:16)\n    at Module._compile (internal/modules/cjs/loader.js:1027:27)\n    at Object.Module._extensions..js (internal/modules/cjs/loader.js:1092:10)\n    at Module.load (internal/modules/cjs/loader.js:928:32)\n    at Function.Module._load (internal/modules/cjs/loader.js:769:14)\n    at Module.require (internal/modules/cjs/loader.js:952:19)\n    at require (internal/modules/cjs/helpers.js:88:18)\n    at initializeRuntime (C:\\Users\\Aman Pant\\AppData\\Roaming\\npm\\node_modules\\firebase-tools\\lib\\emulator\\functionsEmulatorRuntime.js:684:29)\n    at processTicksAndRejections (internal/process/task_queues.js:93:5)\n    at async handleMessage (C:\\Users\\Aman Pant\\AppData\\Roaming\\npm\\node_modules\\firebase-tools\\lib\\emulator\\functionsEmulatorRuntime.js:723:20)"}}
[warn] !  We were unable to load your functions code. (see above) {"metadata":{"emulator":{"name":"functions"},"function":{"name":"us-central1-api"}}}
[debug] [2021-07-26T08:29:53.479Z] [worker-us-central1-api-70968274-3503-40d9-9d6b-53a551d7fc75]: exited {"metadata":{"emulator":{"name":"functions"},"message":"[worker-us-central1-api-70968274-3503-40d9-9d6b-53a551d7fc75]: exited"}}
[debug] [2021-07-26T08:29:53.479Z] [worker-us-central1-api-70968274-3503-40d9-9d6b-53a551d7fc75]: FINISHED {"metadata":{"emulator":{"name":"functions"},"message":"[worker-us-central1-api-70968274-3503-40d9-9d6b-53a551d7fc75]: FINISHED"}}
